Using pre-set license
Built from '2021.2/staging' branch; Version is '2021.2.11f1 (e50cafbb4399) revision 15010991'; Using compiler version '192829333'; Build Type 'Release'
OS: 'Windows 10  (10.0.19044) 64bit Core' Language: 'en' Physical Memory: 16253 MB
BatchMode: 1, IsHumanControllingUs: 0, StartBugReporterOnCrash: 0, Is64bit: 1, IsPro: 0

COMMAND LINE ARGUMENTS:
C:\Program Files\Unity\Hub\Editor\2021.2.11f1\Editor\Unity.exe
-adb2
-batchMode
-noUpm
-name
AssetImportWorker2
-projectPath
D:/D Drive/USER/Documents/Unity Projects/Unity Prive/Library-Project/Project Library
-logFile
Logs/AssetImportWorker2.log
-srvPort
61296
Successfully changed project path to: D:/D Drive/USER/Documents/Unity Projects/Unity Prive/Library-Project/Project Library
D:/D Drive/USER/Documents/Unity Projects/Unity Prive/Library-Project/Project Library
[UnityMemory] Configuration Parameters - Can be set up in boot.config
    "memorysetup-bucket-allocator-granularity=16"
    "memorysetup-bucket-allocator-bucket-count=8"
    "memorysetup-bucket-allocator-block-size=33554432"
    "memorysetup-bucket-allocator-block-count=8"
    "memorysetup-main-allocator-block-size=16777216"
    "memorysetup-thread-allocator-block-size=16777216"
    "memorysetup-gfx-main-allocator-block-size=16777216"
    "memorysetup-gfx-thread-allocator-block-size=16777216"
    "memorysetup-cache-allocator-block-size=4194304"
    "memorysetup-typetree-allocator-block-size=2097152"
    "memorysetup-profiler-bucket-allocator-granularity=16"
    "memorysetup-profiler-bucket-allocator-bucket-count=8"
    "memorysetup-profiler-bucket-allocator-block-size=33554432"
    "memorysetup-profiler-bucket-allocator-block-count=8"
    "memorysetup-profiler-allocator-block-size=16777216"
    "memorysetup-profiler-editor-allocator-block-size=1048576"
    "memorysetup-temp-allocator-size-main=16777216"
    "memorysetup-job-temp-allocator-block-size=2097152"
    "memorysetup-job-temp-allocator-block-size-background=1048576"
    "memorysetup-job-temp-allocator-reduction-small-platforms=262144"
    "memorysetup-temp-allocator-size-background-worker=32768"
    "memorysetup-temp-allocator-size-job-worker=262144"
    "memorysetup-temp-allocator-size-preload-manager=33554432"
    "memorysetup-temp-allocator-size-nav-mesh-worker=65536"
    "memorysetup-temp-allocator-size-audio-worker=65536"
    "memorysetup-temp-allocator-size-cloud-worker=32768"
    "memorysetup-temp-allocator-size-gi-baking-worker=262144"
    "memorysetup-temp-allocator-size-gfx=262144"
Refreshing native plugins compatible for Editor in 43.41 ms, found 2 plugins.
Preloading 0 native plugins for Editor in 0.00 ms.
Initialize engine version: 2021.2.11f1 (e50cafbb4399)
[Subsystems] Discovering subsystems at path C:/Program Files/Unity/Hub/Editor/2021.2.11f1/Editor/Data/Resources/UnitySubsystems
[Subsystems] Discovering subsystems at path D:/D Drive/USER/Documents/Unity Projects/Unity Prive/Library-Project/Project Library/Assets
GfxDevice: creating device client; threaded=0; jobified=0
Direct3D:
    Version:  Direct3D 11.0 [level 11.1]
    Renderer: NVIDIA GeForce RTX 2070 SUPER (ID=0x1e84)
    Vendor:   NVIDIA
    VRAM:     8012 MB
    Driver:   30.0.15.1123
Initialize mono
Mono path[0] = 'C:/Program Files/Unity/Hub/Editor/2021.2.11f1/Editor/Data/Managed'
Mono path[1] = 'C:/Program Files/Unity/Hub/Editor/2021.2.11f1/Editor/Data/MonoBleedingEdge/lib/mono/unityjit-win32'
Mono config path = 'C:/Program Files/Unity/Hub/Editor/2021.2.11f1/Editor/Data/MonoBleedingEdge/etc'
Using monoOptions --debugger-agent=transport=dt_socket,embedding=1,server=y,suspend=n,address=127.0.0.1:56928
Begin MonoManager ReloadAssembly
Registering precompiled unity dll's ...
Register platform support module: C:/Program Files/Unity/Hub/Editor/2021.2.11f1/Editor/Data/PlaybackEngines/WindowsStandaloneSupport/UnityEditor.WindowsStandalone.Extensions.dll
Registered in 0.005774 seconds.
Native extension for WindowsStandalone target not found
Refreshing native plugins compatible for Editor in 44.19 ms, found 2 plugins.
Preloading 0 native plugins for Editor in 0.00 ms.
Mono: successfully reloaded assembly
- Completed reload, in  0.552 seconds
Domain Reload Profiling:
	ReloadAssembly (553ms)
		BeginReloadAssembly (64ms)
			ExecutionOrderSort (0ms)
			DisableScriptedObjects (0ms)
			BackupInstance (0ms)
			ReleaseScriptingObjects (0ms)
			CreateAndSetChildDomain (1ms)
		EndReloadAssembly (416ms)
			LoadAssemblies (62ms)
			RebuildTransferFunctionScriptingTraits (0ms)
			SetupTypeCache (99ms)
			ReleaseScriptCaches (0ms)
			RebuildScriptCaches (24ms)
			SetupLoadedEditorAssemblies (245ms)
				LogAssemblyErrors (0ms)
				InitializePlatformSupportModulesInManaged (14ms)
				SetLoadedEditorAssemblies (0ms)
				RefreshPlugins (44ms)
				BeforeProcessingInitializeOnLoad (1ms)
				ProcessInitializeOnLoadAttributes (143ms)
				ProcessInitializeOnLoadMethodAttributes (42ms)
				AfterProcessingInitializeOnLoad (0ms)
				EditorAssembliesLoaded (0ms)
			ExecutionOrderSort2 (0ms)
			AwakeInstancesAfterBackupRestoration (0ms)
Platform modules already initialized, skipping
Registering precompiled user dll's ...
Registered in 0.006927 seconds.
Begin MonoManager ReloadAssembly
Native extension for WindowsStandalone target not found
Refreshing native plugins compatible for Editor in 38.92 ms, found 2 plugins.
Preloading 0 native plugins for Editor in 0.00 ms.
Mono: successfully reloaded assembly
- Completed reload, in  1.030 seconds
Domain Reload Profiling:
	ReloadAssembly (1030ms)
		BeginReloadAssembly (90ms)
			ExecutionOrderSort (0ms)
			DisableScriptedObjects (5ms)
			BackupInstance (0ms)
			ReleaseScriptingObjects (0ms)
			CreateAndSetChildDomain (17ms)
		EndReloadAssembly (857ms)
			LoadAssemblies (64ms)
			RebuildTransferFunctionScriptingTraits (0ms)
			SetupTypeCache (173ms)
			ReleaseScriptCaches (0ms)
			RebuildScriptCaches (41ms)
			SetupLoadedEditorAssemblies (544ms)
				LogAssemblyErrors (0ms)
				InitializePlatformSupportModulesInManaged (9ms)
				SetLoadedEditorAssemblies (0ms)
				RefreshPlugins (39ms)
				BeforeProcessingInitializeOnLoad (70ms)
				ProcessInitializeOnLoadAttributes (366ms)
				ProcessInitializeOnLoadMethodAttributes (55ms)
				AfterProcessingInitializeOnLoad (5ms)
				EditorAssembliesLoaded (0ms)
			ExecutionOrderSort2 (0ms)
			AwakeInstancesAfterBackupRestoration (4ms)
Platform modules already initialized, skipping
========================================================================
Worker process is ready to serve import requests
Launched and connected shader compiler UnityShaderCompiler.exe after 0.06 seconds
Refreshing native plugins compatible for Editor in 0.43 ms, found 2 plugins.
Preloading 0 native plugins for Editor in 0.00 ms.
Unloading 3294 Unused Serialized files (Serialized files now loaded: 0)
Unloading 28 unused Assets / (0.7 MB). Loaded Objects now: 3768.
Memory consumption went from 173.0 MB to 172.3 MB.
Total: 2.645700 ms (FindLiveObjects: 0.202300 ms CreateObjectMapping: 0.099000 ms MarkObjects: 2.129700 ms  DeleteObjects: 0.213600 ms)

AssetImportParameters requested are different than current active one (requested -> active):
  custom:video-decoder-ogg-theora: a1e56fd34408186e4bbccfd4996cb3dc -> 
  custom:container-muxer-webm: aa71ff27fc2769a1b78a27578f13a17b -> 
  custom:container-demuxer-webm: 4f35f7cbe854078d1ac9338744f61a02 -> 
  custom:video-encoder-webm-vp8: eb34c28f22e8b96e1ab97ce403110664 -> 
  custom:video-codec-MediaFoundation-h265: 746d11721c4dcdbdad8f713fa42b33f4 -> 
  custom:audio-encoder-webm-vorbis: bf7c407c2cedff20999df2af8eb42d56 -> 
  custom:framework-win-MediaFoundation: 216162199b28c13a410421893ffa2e32 -> 
  custom:container-demuxer-ogg: 62fdf1f143b41e24485cea50d1cbac27 -> 
  custom:video-decoder-webm-vp8: 9c59270c3fd7afecdb556c50c9e8de78 -> 
  custom:audio-decoder-ogg-vorbis: bf7c407c2cedff20999df2af8eb42d56 -> 
========================================================================
Received Import Request.
  Time since last request: 24091.792151 seconds.
  path: Assets/Project/Materials/Graphs
  artifactKey: Guid(e6c4cf891594d2b46abe146236f4b11c) Importer(815301076,1909f56bfc062723c751e8b465ee728b)
Start importing Assets/Project/Materials/Graphs using Guid(e6c4cf891594d2b46abe146236f4b11c) Importer(815301076,1909f56bfc062723c751e8b465ee728b)  -> (artifact id: 'dfc1b1e504d65d4ab8328ef67f798a0d') in 0.009541 seconds 
========================================================================
Received Import Request.
  Time since last request: 11.448224 seconds.
  path: Assets/Project/Materials/Graphs/Scrolling Metallic.shadergraph
  artifactKey: Guid(b7e758dfbdf970f49952d324a80d302a) Importer(815301076,1909f56bfc062723c751e8b465ee728b)
Start importing Assets/Project/Materials/Graphs/Scrolling Metallic.shadergraph using Guid(b7e758dfbdf970f49952d324a80d302a) Importer(815301076,1909f56bfc062723c751e8b465ee728b)  -> (artifact id: '6a75bdd3d6b58114afef48923d314d8c') in 0.021609 seconds 
========================================================================
Received Import Request.
  Time since last request: 10.043017 seconds.
  path: Assets/Project/Materials/Graphs/Scrolling Specular.shadergraph
  artifactKey: Guid(1503ddf2c678f594781dab57b2197d13) Importer(815301076,1909f56bfc062723c751e8b465ee728b)
Start importing Assets/Project/Materials/Graphs/Scrolling Specular.shadergraph using Guid(1503ddf2c678f594781dab57b2197d13) Importer(815301076,1909f56bfc062723c751e8b465ee728b)  -> (artifact id: '15802aeb921f5e3d58d11fdfba8190de') in 0.006100 seconds 
========================================================================
Received Import Request.
  Time since last request: 2.998208 seconds.
  path: Assets/Project/Materials/Graphs/AlphaTexture.shadergraph
  artifactKey: Guid(320e22531ecc73b4c8446fa1d084ffb2) Importer(815301076,1909f56bfc062723c751e8b465ee728b)
Start importing Assets/Project/Materials/Graphs/AlphaTexture.shadergraph using Guid(320e22531ecc73b4c8446fa1d084ffb2) Importer(815301076,1909f56bfc062723c751e8b465ee728b)  -> (artifact id: '2ac6482beab07b1252dc7fbf3c705dd3') in 0.005040 seconds 
========================================================================
Received Import Request.
  Time since last request: 125.680325 seconds.
  path: Assets/Project/Materials/Graphs/AlphaTexture 1.shadergraph
  artifactKey: Guid(2af0015ac6820bc4ebd668c47649ba34) Importer(815301076,1909f56bfc062723c751e8b465ee728b)
Start importing Assets/Project/Materials/Graphs/AlphaTexture 1.shadergraph using Guid(2af0015ac6820bc4ebd668c47649ba34) Importer(815301076,1909f56bfc062723c751e8b465ee728b)  -> (artifact id: 'f5be021915034a83e60aaa71824c3b29') in 0.005914 seconds 
========================================================================
Received Import Request.
  Time since last request: 9.607424 seconds.
  path: Assets/Project/Materials/Graphs/AlphaStretch.shadergraph
  artifactKey: Guid(2af0015ac6820bc4ebd668c47649ba34) Importer(815301076,1909f56bfc062723c751e8b465ee728b)
Start importing Assets/Project/Materials/Graphs/AlphaStretch.shadergraph using Guid(2af0015ac6820bc4ebd668c47649ba34) Importer(815301076,1909f56bfc062723c751e8b465ee728b)  -> (artifact id: '993a45edb4e6eb01b59dce931e0b3cc4') in 0.007220 seconds 
========================================================================
Received Import Request.
  Time since last request: 83.097802 seconds.
  path: Assets/Project/Materials/Graphs/AlphaStretch.shadergraph
  artifactKey: Guid(2af0015ac6820bc4ebd668c47649ba34) Importer(815301076,1909f56bfc062723c751e8b465ee728b)
Start importing Assets/Project/Materials/Graphs/AlphaStretch.shadergraph using Guid(2af0015ac6820bc4ebd668c47649ba34) Importer(815301076,1909f56bfc062723c751e8b465ee728b)  -> (artifact id: '8c7feec2d17cda3af2baefab6e432a9d') in 0.003304 seconds 
========================================================================
Received Import Request.
  Time since last request: 11.760366 seconds.
  path: Assets/Project/Materials/Graphs/AlphaStretch.shadergraph
  artifactKey: Guid(2af0015ac6820bc4ebd668c47649ba34) Importer(815301076,1909f56bfc062723c751e8b465ee728b)
Start importing Assets/Project/Materials/Graphs/AlphaStretch.shadergraph using Guid(2af0015ac6820bc4ebd668c47649ba34) Importer(815301076,1909f56bfc062723c751e8b465ee728b)  -> (artifact id: 'e76f091a665f14a8475d90a5a16ce1ba') in 0.003077 seconds 
========================================================================
Received Import Request.
  Time since last request: 8.142409 seconds.
  path: Assets/Project/Materials/Overshield 1.mat
  artifactKey: Guid(12dfb8cae62d32b48815e27c1df2d76f) Importer(815301076,1909f56bfc062723c751e8b465ee728b)
Start importing Assets/Project/Materials/Overshield 1.mat using Guid(12dfb8cae62d32b48815e27c1df2d76f) Importer(815301076,1909f56bfc062723c751e8b465ee728b)  -> (artifact id: '096ada44d7e1201c574bf2f22e78feb1') in 0.174328 seconds 
========================================================================
Received Import Request.
  Time since last request: 4.357798 seconds.
  path: Assets/Project/Materials/Stretch.mat
  artifactKey: Guid(12dfb8cae62d32b48815e27c1df2d76f) Importer(815301076,1909f56bfc062723c751e8b465ee728b)
Start importing Assets/Project/Materials/Stretch.mat using Guid(12dfb8cae62d32b48815e27c1df2d76f) Importer(815301076,1909f56bfc062723c751e8b465ee728b)  -> (artifact id: '9536168885f2546cb89aabc674fd8f37') in 0.012062 seconds 
========================================================================
Received Import Request.
  Time since last request: 520.715048 seconds.
  path: Assets/Project/Materials/Stretch.mat
  artifactKey: Guid(12dfb8cae62d32b48815e27c1df2d76f) Importer(815301076,1909f56bfc062723c751e8b465ee728b)
Start importing Assets/Project/Materials/Stretch.mat using Guid(12dfb8cae62d32b48815e27c1df2d76f) Importer(815301076,1909f56bfc062723c751e8b465ee728b)  -> (artifact id: 'f02979fa2c3c5f0d725898858baab5b7') in 1.254961 seconds 
